-------------------------------------------------------------------------------
Test set: br.com.FuriniSolutions.dao.ItemNotaDAOIT
-------------------------------------------------------------------------------
Tests run: 6, Failures: 1, Errors: 0, Skipped: 0, Time elapsed: 5.787 s <<< FAILURE! - in br.com.FuriniSolutions.dao.ItemNotaDAOIT
br.com.FuriniSolutions.dao.ItemNotaDAOIT.testFindAllWithIDNota  Time elapsed: 0.333 s  <<< FAILURE!
org.opentest4j.AssertionFailedError: A quantidade deve corresponder. ==> expected: <5> but was: <100>
	at br.com.FuriniSolutions.dao.ItemNotaDAOIT.testFindAllWithIDNota(ItemNotaDAOIT.java:266)

