<?xml version="1.0" encoding="UTF-8"?>
<testsuite xmlns:xsi="http://www.w3.org/2001/XMLSchema-instance" xsi:noNamespaceSchemaLocation="https://maven.apache.org/surefire/maven-surefire-plugin/xsd/surefire-test-report-3.0.xsd" version="3.0" name="br.com.FuriniSolutions.dao.NotaFiscalDAOIT" time="0.342" tests="5" errors="0" skipped="0" failures="0">
  <properties>
[...]
</properties>
  <testcase name="testRetrieveNotaFiscal" classname="br.com.FuriniSolutions.dao.NotaFiscalDAOIT" time="0.235">
    <system-out><![CDATA[TESTANDO O RETRIEVE
NotaFiscal{id=1, dataEmissao=2024-10-03, cliente=Cliente{id=1, nome=Ana, endereco=Rua das flores, 123}}
]]></system-out>
  </testcase>
  <testcase name="testFindAllNotaFiscal" classname="br.com.FuriniSolutions.dao.NotaFiscalDAOIT" time="0.044">
    <system-out><![CDATA[TESTANDO O FINDALL
NotaFiscal{id=1, dataEmissao=2024-10-03, cliente=Cliente{id=1, nome=Ana, endereco=Rua das flores, 123}}
NotaFiscal{id=2, dataEmissao=2024-10-03, cliente=Cliente{id=2, nome=João Henrique, endereco=Rua das palmeiras, 321}}
NotaFiscal{id=4, dataEmissao=2024-10-03, cliente=Cliente{id=5, nome=Ana, endereco=Rua das flores, 123}}
NotaFiscal{id=6, dataEmissao=2024-10-03, cliente=Cliente{id=8, nome=Henrique, endereco=Rua America, 852}}
NotaFiscal{id=7, dataEmissao=2024-10-03, cliente=Cliente{id=9, nome=Ana, endereco=Rua das flores, 123}}
NotaFiscal{id=9, dataEmissao=2024-10-03, cliente=Cliente{id=12, nome=Henrique, endereco=Rua America, 852}}
NotaFiscal{id=10, dataEmissao=2024-10-03, cliente=Cliente{id=13, nome=Ana, endereco=Rua das flores, 123}}
NotaFiscal{id=11, dataEmissao=2024-10-03, cliente=Cliente{id=14, nome=Cliente para deletar, endereco=Rua do Teste de Deleção, 123}}
NotaFiscal{id=12, dataEmissao=2024-10-03, cliente=Cliente{id=16, nome=Henrique, endereco=Rua America, 852}}
NotaFiscal{id=13, dataEmissao=2024-10-03, cliente=Cliente{id=17, nome=Ana, endereco=Rua das flores, 123}}
NotaFiscal{id=15, dataEmissao=2024-10-03, cliente=Cliente{id=20, nome=Henrique, endereco=Rua America, 852}}
]]></system-out>
  </testcase>
  <testcase name="testCreateNotaFiscal" classname="br.com.FuriniSolutions.dao.NotaFiscalDAOIT" time="0.013">
    <system-out><![CDATA[TESTANDO O CREATE
NotaFiscal{id=16, dataEmissao=2024-10-03, cliente=Cliente{id=21, nome=Ana, endereco=Rua das flores, 123}}
]]></system-out>
  </testcase>
  <testcase name="testDeleteNotaFiscal" classname="br.com.FuriniSolutions.dao.NotaFiscalDAOIT" time="0.009">
    <system-out><![CDATA[TESTANDO O DELETE
]]></system-out>
  </testcase>
  <testcase name="testUpdateNotaFiscal" classname="br.com.FuriniSolutions.dao.NotaFiscalDAOIT" time="0.011">
    <system-out><![CDATA[TESTANDO O UPDATE
NotaFiscal{id=18, dataEmissao=2024-10-03, cliente=Cliente{id=23, nome=João Henrique, endereco=Rua das palmeiras, 321}}
NotaFiscal{id=18, dataEmissao=2024-10-03, cliente=Cliente{id=24, nome=Henrique, endereco=Rua America, 852}}
]]></system-out>
  </testcase>
</testsuite>