<?xml version="1.0" encoding="UTF-8"?>
<testsuite xmlns:xsi="http://www.w3.org/2001/XMLSchema-instance" xsi:noNamespaceSchemaLocation="https://maven.apache.org/surefire/maven-surefire-plugin/xsd/surefire-test-report-3.0.xsd" version="3.0" name="br.com.FuriniSolutions.dao.ProdutoDAOIT" time="0.332" tests="5" errors="0" skipped="0" failures="0">
  <properties>
[...]
</properties>
  <testcase name="testRetrieveProduto" classname="br.com.FuriniSolutions.dao.ProdutoDAOIT" time="0.268">
    <system-out><![CDATA[TESTANDO O RETRIEVE
Produto{id=1, descricao=Teclado Mecânico, valor=350.0}
]]></system-out>
  </testcase>
  <testcase name="testCreateProduto" classname="br.com.FuriniSolutions.dao.ProdutoDAOIT" time="0.014">
    <system-out><![CDATA[TESTANDO O CREATE
Produto{id=50, descricao=cadeira, valor=10.2}
]]></system-out>
  </testcase>
  <testcase name="testFindAllNotaFiscal" classname="br.com.FuriniSolutions.dao.ProdutoDAOIT" time="0.008">
    <system-out><![CDATA[TESTANDO O FINDALL
Produto{id=1, descricao=Teclado Mecânico, valor=350.0}
Produto{id=2, descricao=Mouse Gamer, valor=250.0}
Produto{id=3, descricao=Monitor Full HD, valor=1200.0}
Produto{id=4, descricao=Cadeira Gamer, valor=800.0}
Produto{id=5, descricao=Headset Bluetooth, valor=400.0}
Produto{id=6, descricao=Notebook 16GB RAM, valor=4500.0}
Produto{id=7, descricao=Impressora Multifuncional, valor=600.0}
Produto{id=8, descricao=Mesa para Computador, valor=450.0}
Produto{id=9, descricao=Pen Drive 32GB, valor=50.0}
Produto{id=10, descricao=HD Externo 1TB, valor=350.0}
Produto{id=11, descricao=Fonte 600W, valor=300.0}
Produto{id=12, descricao=Placa de Vídeo 8GB, valor=3500.0}
Produto{id=13, descricao=Processador 6 Núcleos, valor=2000.0}
Produto{id=14, descricao=Teclado Sem Fio, valor=150.0}
Produto{id=15, descricao=Webcam HD, valor=250.0}
Produto{id=16, descricao=Produto Teste, valor=20.0}
Produto{id=17, descricao=Produto Teste, valor=20.0}
Produto{id=18, descricao=Produto Teste, valor=20.0}
Produto{id=19, descricao=Produto Teste, valor=30.0}
Produto{id=20, descricao=Produto Teste, valor=20.0}
Produto{id=21, descricao=Produto Teste, valor=20.0}
Produto{id=22, descricao=Produto Teste, valor=20.0}
Produto{id=23, descricao=Produto Teste, valor=20.0}
Produto{id=24, descricao=Produto Teste, valor=30.0}
Produto{id=25, descricao=Produto Teste, valor=20.0}
Produto{id=26, descricao=cadeira, valor=10.2}
Produto{id=27, descricao=testandoUpdate, valor=98.0}
Produto{id=29, descricao=Produto Teste, valor=20.0}
Produto{id=30, descricao=Produto Teste, valor=20.0}
Produto{id=31, descricao=Produto Teste, valor=20.0}
Produto{id=32, descricao=Produto Teste, valor=30.0}
Produto{id=33, descricao=Produto Teste, valor=20.0}
Produto{id=34, descricao=cadeira, valor=10.2}
Produto{id=35, descricao=testandoUpdate, valor=98.0}
Produto{id=37, descricao=Produto Teste, valor=20.0}
Produto{id=38, descricao=Produto Teste, valor=20.0}
Produto{id=39, descricao=Produto Teste, valor=20.0}
Produto{id=40, descricao=Produto Teste, valor=30.0}
Produto{id=41, descricao=Produto Teste, valor=20.0}
Produto{id=42, descricao=cadeira, valor=10.2}
Produto{id=43, descricao=testandoUpdate, valor=98.0}
Produto{id=45, descricao=Produto Teste, valor=20.0}
Produto{id=46, descricao=Produto Teste, valor=20.0}
Produto{id=47, descricao=Produto Teste, valor=20.0}
Produto{id=48, descricao=Produto Teste, valor=30.0}
Produto{id=49, descricao=Produto Teste, valor=20.0}
Produto{id=50, descricao=cadeira, valor=10.2}
]]></system-out>
  </testcase>
  <testcase name="testUpdateProduto" classname="br.com.FuriniSolutions.dao.ProdutoDAOIT" time="0.009">
    <system-out><![CDATA[TESTANDO O UPDATE
Produto{id=51, descricao=Bolsa, valor=98.0}
Produto{id=51, descricao=testandoUpdate, valor=98.0}
]]></system-out>
  </testcase>
  <testcase name="testDeleteProduto" classname="br.com.FuriniSolutions.dao.ProdutoDAOIT" time="0.007">
    <system-out><![CDATA[TESTANDO O DELETE
]]></system-out>
  </testcase>
</testsuite>