<?xml version="1.0" encoding="UTF-8"?>
<testsuite xmlns:xsi="http://www.w3.org/2001/XMLSchema-instance" xsi:noNamespaceSchemaLocation="https://maven.apache.org/surefire/maven-surefire-plugin/xsd/surefire-test-report-3.0.xsd" version="3.0" name="br.com.FuriniSolutions.dao.ClienteDAOIT" time="0.034" tests="5" errors="0" skipped="0" failures="0">
  <properties>
[...]
</properties>
  <testcase name="testDeleteCliente" classname="br.com.FuriniSolutions.dao.ClienteDAOIT" time="0.006">
    <system-out><![CDATA[TESTANDO O DELETE
]]></system-out>
  </testcase>
  <testcase name="testRetrieveCliente" classname="br.com.FuriniSolutions.dao.ClienteDAOIT" time="0.005">
    <system-out><![CDATA[TESTANDO O RETRIEVE
Cliente{id=1, nome=João Silva, endereco=Rua A, 123}
]]></system-out>
  </testcase>
  <testcase name="testFindAllCliente" classname="br.com.FuriniSolutions.dao.ClienteDAOIT" time="0.006">
    <system-out><![CDATA[TESTANDO O FINDALL
Cliente{id=1, nome=João Silva, endereco=Rua A, 123}
Cliente{id=2, nome=Maria Oliveira, endereco=Rua B, 456}
Cliente{id=3, nome=Pedro Santos, endereco=Rua C, 789}
Cliente{id=4, nome=Ana Souza, endereco=Rua D, 101}
Cliente{id=5, nome=Carlos Pereira, endereco=Rua E, 202}
Cliente{id=6, nome=Fernanda Costa, endereco=Rua F, 303}
Cliente{id=7, nome=Ricardo Nunes, endereco=Rua G, 404}
Cliente{id=8, nome=Juliana Almeida, endereco=Rua H, 505}
Cliente{id=9, nome=Gustavo Martins, endereco=Rua I, 606}
Cliente{id=10, nome=Larissa Monteiro, endereco=Rua J, 707}
Cliente{id=11, nome=Bruno Fernandes, endereco=Rua K, 808}
Cliente{id=12, nome=Isabela Ferreira, endereco=Rua L, 909}
Cliente{id=13, nome=Lucas Rocha, endereco=Rua M, 1010}
Cliente{id=14, nome=Gabriela Mendes, endereco=Rua N, 1111}
Cliente{id=15, nome=Marcos Lima, endereco=Rua O, 1212}
Cliente{id=16, nome=Cliente Teste, endereco=Rua Exemplo}
Cliente{id=17, nome=Cliente Teste, endereco=Rua Exemplo}
Cliente{id=18, nome=Cliente Teste, endereco=Rua Exemplo}
Cliente{id=19, nome=Cliente Teste, endereco=Rua Exemplo}
Cliente{id=20, nome=Cliente Teste, endereco=Rua Exemplo}
Cliente{id=21, nome=Cliente Teste, endereco=Rua Exemplo}
Cliente{id=22, nome=Cliente Teste, endereco=Rua Exemplo}
Cliente{id=23, nome=Cliente Teste, endereco=Rua Exemplo}
Cliente{id=24, nome=Cliente Teste, endereco=Rua Exemplo}
Cliente{id=25, nome=Cliente Teste, endereco=Rua Exemplo}
Cliente{id=27, nome=Joaquim, endereco=Rua das fevereiro, 123}
Cliente{id=28, nome=Teste do update, endereco=Rua das palmeiras, 321}
Cliente{id=29, nome=Ana, endereco=Rua das flores, 123}
Cliente{id=30, nome=Cliente para deletar, endereco=Rua do Teste de Deleção, 123}
Cliente{id=31, nome=João Henrique, endereco=Rua das palmeiras, 321}
Cliente{id=32, nome=Cliente Teste, endereco=Rua Exemplo}
Cliente{id=33, nome=Cliente Teste, endereco=Rua Exemplo}
Cliente{id=34, nome=Cliente Teste, endereco=Rua Exemplo}
Cliente{id=35, nome=Cliente Teste, endereco=Rua Exemplo}
Cliente{id=36, nome=Cliente Teste, endereco=Rua Exemplo}
Cliente{id=38, nome=Joaquim, endereco=Rua das fevereiro, 123}
Cliente{id=39, nome=Teste do update, endereco=Rua das palmeiras, 321}
Cliente{id=40, nome=Cliente Teste, endereco=Rua Exemplo}
Cliente{id=41, nome=Cliente Teste, endereco=Rua Exemplo}
Cliente{id=42, nome=Cliente Teste, endereco=Rua Exemplo}
Cliente{id=43, nome=Cliente Teste, endereco=Rua Exemplo}
Cliente{id=44, nome=Cliente Teste, endereco=Rua Exemplo}
Cliente{id=45, nome=Ana, endereco=Rua das flores, 123}
Cliente{id=46, nome=Cliente para deletar, endereco=Rua do Teste de Deleção, 123}
Cliente{id=47, nome=João Henrique, endereco=Rua das palmeiras, 321}
Cliente{id=49, nome=Joaquim, endereco=Rua das fevereiro, 123}
Cliente{id=50, nome=Teste do update, endereco=Rua das palmeiras, 321}
Cliente{id=51, nome=Ana, endereco=Rua das flores, 123}
Cliente{id=52, nome=Cliente para deletar, endereco=Rua do Teste de Deleção, 123}
Cliente{id=53, nome=João Henrique, endereco=Rua das palmeiras, 321}
Cliente{id=54, nome=Cliente Teste, endereco=Rua Exemplo}
Cliente{id=55, nome=Cliente Teste, endereco=Rua Exemplo}
Cliente{id=56, nome=Cliente Teste, endereco=Rua Exemplo}
Cliente{id=57, nome=Cliente Teste, endereco=Rua Exemplo}
Cliente{id=58, nome=Cliente Teste, endereco=Rua Exemplo}
]]></system-out>
  </testcase>
  <testcase name="testCreateCliente" classname="br.com.FuriniSolutions.dao.ClienteDAOIT" time="0.004">
    <system-out><![CDATA[TESTANDO O CREATE
Cliente{id=60, nome=Joaquim, endereco=Rua das fevereiro, 123}
]]></system-out>
  </testcase>
  <testcase name="testUpdateCliente" classname="br.com.FuriniSolutions.dao.ClienteDAOIT" time="0.007">
    <system-out><![CDATA[TESTANDO O UPDATE
Cliente{id=61, nome=Teste do update, endereco=Rua das palmeiras, 321}
]]></system-out>
  </testcase>
</testsuite>