<?xml version="1.0" encoding="UTF-8"?>
<testsuite xmlns:xsi="http://www.w3.org/2001/XMLSchema-instance" xsi:noNamespaceSchemaLocation="https://maven.apache.org/surefire/maven-surefire-plugin/xsd/surefire-test-report-3.0.xsd" version="3.0" name="br.com.FuriniSolutions.dao.ItemNotaDAOIT" time="0.044" tests="6" errors="5" skipped="0" failures="1">
  <properties>
[...]
</properties>
  <testcase name="testFindAll" classname="br.com.FuriniSolutions.dao.ItemNotaDAOIT" time="0.015">
    <failure type="org.opentest4j.AssertionFailedError"><![CDATA[org.opentest4j.AssertionFailedError: A lista de ItemNota não deve estar vazia. ==> expected: <false> but was: <true>
	at br.com.FuriniSolutions.dao.ItemNotaDAOIT.testFindAll(ItemNotaDAOIT.java:192)
]]></failure>
    <system-out><![CDATA[ITEM NOTA
TESTANDO FINDALL
]]></system-out>
  </testcase>
  <testcase name="testRetrieve" classname="br.com.FuriniSolutions.dao.ItemNotaDAOIT" time="0.008">
    <error type="java.lang.NullPointerException"><![CDATA[java.lang.NullPointerException: Cannot invoke "java.util.List.iterator()" because "itemnotas" is null
	at br.com.FuriniSolutions.dao.ItemNotaDAOIT.testRetrieve(ItemNotaDAOIT.java:103)
]]></error>
    <system-out><![CDATA[ITEM NOTA
TESTANDO RETRIEVE
]]></system-out>
  </testcase>
  <testcase name="testCreate" classname="br.com.FuriniSolutions.dao.ItemNotaDAOIT" time="0.001">
    <error type="java.lang.NullPointerException"><![CDATA[java.lang.NullPointerException: Cannot invoke "java.util.List.iterator()" because "itemnotas" is null
	at br.com.FuriniSolutions.dao.ItemNotaDAOIT.testCreate(ItemNotaDAOIT.java:69)
]]></error>
    <system-out><![CDATA[ITEM NOTA
TESTANDO CREATE
]]></system-out>
  </testcase>
  <testcase name="testDelete" classname="br.com.FuriniSolutions.dao.ItemNotaDAOIT" time="0">
    <error type="java.lang.NullPointerException"><![CDATA[java.lang.NullPointerException: Cannot invoke "java.util.List.iterator()" because "itemnotas" is null
	at br.com.FuriniSolutions.dao.ItemNotaDAOIT.testDelete(ItemNotaDAOIT.java:172)
]]></error>
    <system-out><![CDATA[ITEM NOTA
TESTANDO DELETE
]]></system-out>
  </testcase>
  <testcase name="testUpdate" classname="br.com.FuriniSolutions.dao.ItemNotaDAOIT" time="0.016">
    <error type="java.lang.NullPointerException"><![CDATA[java.lang.NullPointerException: Cannot invoke "java.util.List.iterator()" because "itemnotas" is null
	at br.com.FuriniSolutions.dao.ItemNotaDAOIT.testUpdate(ItemNotaDAOIT.java:136)
]]></error>
    <system-out><![CDATA[ITEM NOTA
TESTANDO UPDATE
]]></system-out>
  </testcase>
  <testcase name="testFindAllWithIDNota" classname="br.com.FuriniSolutions.dao.ItemNotaDAOIT" time="0">
    <error type="java.lang.NullPointerException"><![CDATA[java.lang.NullPointerException: Cannot invoke "java.util.List.iterator()" because "itemnotas" is null
	at br.com.FuriniSolutions.dao.ItemNotaDAOIT.testFindAllWithIDNota(ItemNotaDAOIT.java:215)
]]></error>
    <system-out><![CDATA[ITEM NOTA
TESTANDO FINDALLWITHIDNOTA
]]></system-out>
  </testcase>
</testsuite>