<?xml version="1.0" encoding="UTF-8"?>
<testsuite xmlns:xsi="http://www.w3.org/2001/XMLSchema-instance" xsi:noNamespaceSchemaLocation="https://maven.apache.org/surefire/maven-surefire-plugin/xsd/surefire-test-report-3.0.xsd" version="3.0" name="br.com.FuriniSolutions.dao.ItemNotaDAOIT" time="0.426" tests="5" errors="0" skipped="0" failures="0">
  <properties>
[...]
</properties>
  <testcase name="testFindAll" classname="br.com.FuriniSolutions.dao.ItemNotaDAOIT" time="0.335">
    <system-out><![CDATA[TESTANDO FINDALL
ItemNota{id=1, quantidade=60, valorItem=3.0, produto=Produto{id=1, descricao=Produto Teste, valor=20.0}, notaFiscal=NotaFiscal{id=1, dataEmissao=2024-10-03, cliente=Cliente{id=1, nome=Cliente Teste, endereco=Rua Exemplo}}}
ItemNota{id=2, quantidade=100, valorItem=5.0, produto=Produto{id=2, descricao=Produto Teste, valor=20.0}, notaFiscal=NotaFiscal{id=2, dataEmissao=2024-10-03, cliente=Cliente{id=2, nome=Cliente Teste, endereco=Rua Exemplo}}}
ItemNota{id=4, quantidade=60, valorItem=2.0, produto=Produto{id=4, descricao=Produto Teste, valor=30.0}, notaFiscal=NotaFiscal{id=4, dataEmissao=2024-10-03, cliente=Cliente{id=4, nome=Cliente Teste, endereco=Rua Exemplo}}}
ItemNota{id=5, quantidade=60, valorItem=3.0, produto=Produto{id=5, descricao=Produto Teste, valor=20.0}, notaFiscal=NotaFiscal{id=5, dataEmissao=2024-10-03, cliente=Cliente{id=5, nome=Cliente Teste, endereco=Rua Exemplo}}}
ItemNota{id=6, quantidade=100, valorItem=5.0, produto=Produto{id=6, descricao=Produto Teste, valor=20.0}, notaFiscal=NotaFiscal{id=6, dataEmissao=2024-10-03, cliente=Cliente{id=6, nome=Cliente Teste, endereco=Rua Exemplo}}}
ItemNota{id=8, quantidade=60, valorItem=2.0, produto=Produto{id=8, descricao=Produto Teste, valor=30.0}, notaFiscal=NotaFiscal{id=8, dataEmissao=2024-10-03, cliente=Cliente{id=8, nome=Cliente Teste, endereco=Rua Exemplo}}}
ItemNota{id=9, quantidade=60, valorItem=3.0, produto=Produto{id=9, descricao=Produto Teste, valor=20.0}, notaFiscal=NotaFiscal{id=9, dataEmissao=2024-10-03, cliente=Cliente{id=9, nome=Cliente Teste, endereco=Rua Exemplo}}}
ItemNota{id=10, quantidade=100, valorItem=5.0, produto=Produto{id=10, descricao=Produto Teste, valor=20.0}, notaFiscal=NotaFiscal{id=10, dataEmissao=2024-10-03, cliente=Cliente{id=10, nome=Cliente Teste, endereco=Rua Exemplo}}}
ItemNota{id=12, quantidade=60, valorItem=2.0, produto=Produto{id=12, descricao=Produto Teste, valor=30.0}, notaFiscal=NotaFiscal{id=12, dataEmissao=2024-10-03, cliente=Cliente{id=12, nome=Cliente Teste, endereco=Rua Exemplo}}}
ItemNota{id=13, quantidade=60, valorItem=3.0, produto=Produto{id=13, descricao=Produto Teste, valor=20.0}, notaFiscal=NotaFiscal{id=13, dataEmissao=2024-10-03, cliente=Cliente{id=13, nome=Cliente Teste, endereco=Rua Exemplo}}}
ItemNota{id=14, quantidade=100, valorItem=5.0, produto=Produto{id=14, descricao=Produto Teste, valor=20.0}, notaFiscal=NotaFiscal{id=14, dataEmissao=2024-10-03, cliente=Cliente{id=14, nome=Cliente Teste, endereco=Rua Exemplo}}}
ItemNota{id=16, quantidade=60, valorItem=2.0, produto=Produto{id=16, descricao=Produto Teste, valor=30.0}, notaFiscal=NotaFiscal{id=16, dataEmissao=2024-10-03, cliente=Cliente{id=16, nome=Cliente Teste, endereco=Rua Exemplo}}}
]]></system-out>
  </testcase>
  <testcase name="testRetrieve" classname="br.com.FuriniSolutions.dao.ItemNotaDAOIT" time="0.032">
    <system-out><![CDATA[TESTANDO RETRIEVE
]]></system-out>
  </testcase>
  <testcase name="testCreate" classname="br.com.FuriniSolutions.dao.ItemNotaDAOIT" time="0.009">
    <system-out><![CDATA[TESTANDO CREATE
ItemNota{id=18, quantidade=5, valorItem=100.0, produto=Produto{id=18, descricao=Produto Teste, valor=20.0}, notaFiscal=NotaFiscal{id=18, dataEmissao=2024-10-03, cliente=Cliente{id=18, nome=Cliente Teste, endereco=Rua Exemplo}}}
]]></system-out>
  </testcase>
  <testcase name="testDelete" classname="br.com.FuriniSolutions.dao.ItemNotaDAOIT" time="0.012">
    <system-out><![CDATA[TESTANDO DELETE
]]></system-out>
  </testcase>
  <testcase name="testUpdate" classname="br.com.FuriniSolutions.dao.ItemNotaDAOIT" time="0.018">
    <system-out><![CDATA[TESTANDO UPDATE
]]></system-out>
  </testcase>
</testsuite>