<?xml version="1.0" encoding="UTF-8"?>
<testsuite xmlns:xsi="http://www.w3.org/2001/XMLSchema-instance" xsi:noNamespaceSchemaLocation="https://maven.apache.org/surefire/maven-surefire-plugin/xsd/surefire-test-report-3.0.xsd" version="3.0" name="br.com.FuriniSolutions.dao.ClienteDAOIT" time="0.272" tests="5" errors="0" skipped="0" failures="0">
  <properties>
[...]
</properties>
  <testcase name="testFindAllNotaFiscal" classname="br.com.FuriniSolutions.dao.ClienteDAOIT" time="0.22">
    <system-out><![CDATA[TESTANDO O FINDALL
Cliente{id=1, nome=Ana, endereco=Rua das flores, 123}
Cliente{id=2, nome=João Henrique, endereco=Rua das palmeiras, 321}
Cliente{id=3, nome=João Henrique, endereco=Rua das palmeiras, 321}
Cliente{id=4, nome=Henrique, endereco=Rua America, 852}
Cliente{id=5, nome=Ana, endereco=Rua das flores, 123}
Cliente{id=6, nome=Maria, endereco=Rua Exemplo, 123}
Cliente{id=7, nome=João Henrique, endereco=Rua das palmeiras, 321}
Cliente{id=8, nome=Henrique, endereco=Rua America, 852}
Cliente{id=9, nome=Ana, endereco=Rua das flores, 123}
Cliente{id=10, nome=Cliente para deletar, endereco=Rua do Teste de Deleção, 123}
Cliente{id=11, nome=João Henrique, endereco=Rua das palmeiras, 321}
Cliente{id=12, nome=Henrique, endereco=Rua America, 852}
Cliente{id=13, nome=Ana, endereco=Rua das flores, 123}
Cliente{id=14, nome=Cliente para deletar, endereco=Rua do Teste de Deleção, 123}
Cliente{id=15, nome=João Henrique, endereco=Rua das palmeiras, 321}
Cliente{id=16, nome=Henrique, endereco=Rua America, 852}
Cliente{id=17, nome=Ana, endereco=Rua das flores, 123}
Cliente{id=18, nome=Cliente para deletar, endereco=Rua do Teste de Deleção, 123}
Cliente{id=19, nome=João Henrique, endereco=Rua das palmeiras, 321}
Cliente{id=20, nome=Henrique, endereco=Rua America, 852}
Cliente{id=21, nome=Ana, endereco=Rua das flores, 123}
Cliente{id=22, nome=Cliente para deletar, endereco=Rua do Teste de Deleção, 123}
Cliente{id=23, nome=João Henrique, endereco=Rua das palmeiras, 321}
Cliente{id=24, nome=Henrique, endereco=Rua America, 852}
]]></system-out>
  </testcase>
  <testcase name="testRetrieveCliente" classname="br.com.FuriniSolutions.dao.ClienteDAOIT" time="0.006">
    <system-out><![CDATA[TESTANDO O RETRIEVE
Cliente{id=1, nome=Ana, endereco=Rua das flores, 123}
]]></system-out>
  </testcase>
  <testcase name="testCreateCliente" classname="br.com.FuriniSolutions.dao.ClienteDAOIT" time="0.01">
    <system-out><![CDATA[TESTANDO O CREATE
Cliente{id=25, nome=Joaquim, endereco=Rua das fevereiro, 123}
]]></system-out>
  </testcase>
  <testcase name="testDeleteNotaFiscal" classname="br.com.FuriniSolutions.dao.ClienteDAOIT" time="0.007">
    <system-out><![CDATA[TESTANDO O DELETE
]]></system-out>
  </testcase>
  <testcase name="testUpdateCliente" classname="br.com.FuriniSolutions.dao.ClienteDAOIT" time="0.008">
    <system-out><![CDATA[TESTANDO O UPDATE
Cliente{id=27, nome=Teste do update, endereco=Rua das palmeiras, 321}
]]></system-out>
  </testcase>
</testsuite>