<?xml version="1.0" encoding="UTF-8"?>
<testsuite xmlns:xsi="http://www.w3.org/2001/XMLSchema-instance" xsi:noNamespaceSchemaLocation="https://maven.apache.org/surefire/maven-surefire-plugin/xsd/surefire-test-report-3.0.xsd" version="3.0" name="br.com.FuriniSolutions.dao.NotaFiscalDAOIT" time="0.326" tests="5" errors="3" skipped="0" failures="0">
  <properties>
[...]
</properties>
  <testcase name="testRetrieveNotaFiscal" classname="br.com.FuriniSolutions.dao.NotaFiscalDAOIT" time="0.052">
    <system-out><![CDATA[NOTA FISCAL
TESTANDO O RETRIEVE
NotaFiscal{id=1, dataEmissao=2024-10-09, cliente=Cliente{id=16, nome=Cliente Teste, endereco=Rua Exemplo}}
]]></system-out>
  </testcase>
  <testcase name="testFindAllNotaFiscal" classname="br.com.FuriniSolutions.dao.NotaFiscalDAOIT" time="0.237">
    <system-out><![CDATA[NOTA FISCAL
TESTANDO O FINDALL
NotaFiscal{id=1, dataEmissao=2024-10-09, cliente=Cliente{id=16, nome=Cliente Teste, endereco=Rua Exemplo}}
NotaFiscal{id=2, dataEmissao=2024-10-09, cliente=Cliente{id=17, nome=Cliente Teste, endereco=Rua Exemplo}}
NotaFiscal{id=3, dataEmissao=2024-10-09, cliente=Cliente{id=18, nome=Cliente Teste, endereco=Rua Exemplo}}
NotaFiscal{id=4, dataEmissao=2024-10-09, cliente=Cliente{id=19, nome=Cliente Teste, endereco=Rua Exemplo}}
NotaFiscal{id=5, dataEmissao=2024-10-09, cliente=Cliente{id=20, nome=Cliente Teste, endereco=Rua Exemplo}}
NotaFiscal{id=6, dataEmissao=2024-10-09, cliente=Cliente{id=21, nome=Cliente Teste, endereco=Rua Exemplo}}
NotaFiscal{id=7, dataEmissao=2024-10-09, cliente=Cliente{id=22, nome=Cliente Teste, endereco=Rua Exemplo}}
NotaFiscal{id=8, dataEmissao=2024-10-09, cliente=Cliente{id=23, nome=Cliente Teste, endereco=Rua Exemplo}}
NotaFiscal{id=9, dataEmissao=2024-10-09, cliente=Cliente{id=24, nome=Cliente Teste, endereco=Rua Exemplo}}
NotaFiscal{id=10, dataEmissao=2024-10-09, cliente=Cliente{id=25, nome=Cliente Teste, endereco=Rua Exemplo}}
NotaFiscal{id=11, dataEmissao=2024-10-09, cliente=Cliente{id=29, nome=Ana, endereco=Rua das flores, 123}}
NotaFiscal{id=12, dataEmissao=2024-10-09, cliente=Cliente{id=30, nome=Cliente para deletar, endereco=Rua do Teste de Deleção, 123}}
NotaFiscal{id=13, dataEmissao=2024-10-09, cliente=Cliente{id=31, nome=João Henrique, endereco=Rua das palmeiras, 321}}
NotaFiscal{id=14, dataEmissao=2024-10-09, cliente=Cliente{id=32, nome=Cliente Teste, endereco=Rua Exemplo}}
NotaFiscal{id=15, dataEmissao=2024-10-09, cliente=Cliente{id=33, nome=Cliente Teste, endereco=Rua Exemplo}}
NotaFiscal{id=16, dataEmissao=2024-10-09, cliente=Cliente{id=34, nome=Cliente Teste, endereco=Rua Exemplo}}
NotaFiscal{id=17, dataEmissao=2024-10-09, cliente=Cliente{id=35, nome=Cliente Teste, endereco=Rua Exemplo}}
NotaFiscal{id=18, dataEmissao=2024-10-09, cliente=Cliente{id=36, nome=Cliente Teste, endereco=Rua Exemplo}}
NotaFiscal{id=19, dataEmissao=2024-10-09, cliente=Cliente{id=40, nome=Cliente Teste, endereco=Rua Exemplo}}
NotaFiscal{id=20, dataEmissao=2024-10-09, cliente=Cliente{id=41, nome=Cliente Teste, endereco=Rua Exemplo}}
NotaFiscal{id=21, dataEmissao=2024-10-09, cliente=Cliente{id=42, nome=Cliente Teste, endereco=Rua Exemplo}}
NotaFiscal{id=22, dataEmissao=2024-10-09, cliente=Cliente{id=43, nome=Cliente Teste, endereco=Rua Exemplo}}
NotaFiscal{id=23, dataEmissao=2024-10-09, cliente=Cliente{id=44, nome=Cliente Teste, endereco=Rua Exemplo}}
NotaFiscal{id=24, dataEmissao=2024-10-09, cliente=Cliente{id=45, nome=Ana, endereco=Rua das flores, 123}}
NotaFiscal{id=25, dataEmissao=2024-10-09, cliente=Cliente{id=46, nome=Cliente para deletar, endereco=Rua do Teste de Deleção, 123}}
NotaFiscal{id=26, dataEmissao=2024-10-09, cliente=Cliente{id=47, nome=João Henrique, endereco=Rua das palmeiras, 321}}
NotaFiscal{id=27, dataEmissao=2024-10-09, cliente=Cliente{id=51, nome=Ana, endereco=Rua das flores, 123}}
NotaFiscal{id=28, dataEmissao=2024-10-09, cliente=Cliente{id=52, nome=Cliente para deletar, endereco=Rua do Teste de Deleção, 123}}
NotaFiscal{id=29, dataEmissao=2024-10-09, cliente=Cliente{id=53, nome=João Henrique, endereco=Rua das palmeiras, 321}}
NotaFiscal{id=30, dataEmissao=2024-10-09, cliente=Cliente{id=54, nome=Cliente Teste, endereco=Rua Exemplo}}
NotaFiscal{id=31, dataEmissao=2024-10-09, cliente=Cliente{id=55, nome=Cliente Teste, endereco=Rua Exemplo}}
NotaFiscal{id=32, dataEmissao=2024-10-09, cliente=Cliente{id=56, nome=Cliente Teste, endereco=Rua Exemplo}}
NotaFiscal{id=33, dataEmissao=2024-10-09, cliente=Cliente{id=57, nome=Cliente Teste, endereco=Rua Exemplo}}
NotaFiscal{id=34, dataEmissao=2024-10-09, cliente=Cliente{id=58, nome=Cliente Teste, endereco=Rua Exemplo}}
]]></system-out>
  </testcase>
  <testcase name="testCreateNotaFiscal" classname="br.com.FuriniSolutions.dao.NotaFiscalDAOIT" time="0.015">
    <error type="java.lang.NullPointerException"><![CDATA[java.lang.NullPointerException: Cannot invoke "java.util.List.iterator()" because "itemnotas" is null
	at br.com.FuriniSolutions.dao.NotaFiscalDAOIT.testCreateNotaFiscal(NotaFiscalDAOIT.java:60)
]]></error>
    <system-out><![CDATA[NOTA FISCAL
TESTANDO O CREATE
]]></system-out>
  </testcase>
  <testcase name="testDeleteNotaFiscal" classname="br.com.FuriniSolutions.dao.NotaFiscalDAOIT" time="0.006">
    <error type="java.lang.NullPointerException"><![CDATA[java.lang.NullPointerException: Cannot invoke "java.util.List.iterator()" because "itemnotas" is null
	at br.com.FuriniSolutions.dao.NotaFiscalDAOIT.testDeleteNotaFiscal(NotaFiscalDAOIT.java:121)
]]></error>
    <system-out><![CDATA[NOTA FISCAL
TESTANDO O DELETE
]]></system-out>
  </testcase>
  <testcase name="testUpdateNotaFiscal" classname="br.com.FuriniSolutions.dao.NotaFiscalDAOIT" time="0.006">
    <error type="java.lang.NullPointerException"><![CDATA[java.lang.NullPointerException: Cannot invoke "java.util.List.iterator()" because "itemnotas" is null
	at br.com.FuriniSolutions.dao.NotaFiscalDAOIT.testUpdateNotaFiscal(NotaFiscalDAOIT.java:92)
]]></error>
    <system-out><![CDATA[NOTA FISCAL
TESTANDO O UPDATE
]]></system-out>
  </testcase>
</testsuite>